0 info it worked if it ends with ok
1 verbose cli [ '/usr/local/bin/node',
1 verbose cli   '/usr/local/bin/npm',
1 verbose cli   'publish',
1 verbose cli   'misspell@0.1.0' ]
2 info using npm@3.10.5
3 info using node@v5.11.1
4 verbose publish [ 'misspell@0.1.0' ]
5 silly cache add args [ 'misspell@0.1.0', null ]
6 verbose cache add spec misspell@0.1.0
7 silly cache add parsed spec Result {
7 silly cache add   raw: 'misspell@0.1.0',
7 silly cache add   scope: null,
7 silly cache add   escapedName: 'misspell',
7 silly cache add   name: 'misspell',
7 silly cache add   rawSpec: '0.1.0',
7 silly cache add   spec: '0.1.0',
7 silly cache add   type: 'version' }
8 silly addNamed misspell@0.1.0
9 verbose addNamed "0.1.0" is a plain semver version for misspell
10 silly mapToRegistry name misspell
11 silly mapToRegistry using default registry
12 silly mapToRegistry registry https://registry.npmjs.org/
13 silly mapToRegistry data Result {
13 silly mapToRegistry   raw: 'misspell',
13 silly mapToRegistry   scope: null,
13 silly mapToRegistry   escapedName: 'misspell',
13 silly mapToRegistry   name: 'misspell',
13 silly mapToRegistry   rawSpec: '',
13 silly mapToRegistry   spec: 'latest',
13 silly mapToRegistry   type: 'tag' }
14 silly mapToRegistry uri https://registry.npmjs.org/misspell
15 verbose addNameVersion registry:https://registry.npmjs.org/misspell not in flight; fetching
16 verbose request uri https://registry.npmjs.org/misspell
17 verbose request no auth needed
18 info attempt registry request try #1 at 12:29:14 AM
19 verbose request using bearer token for auth
20 verbose request id 1bc665988c4c70f8
21 http request GET https://registry.npmjs.org/misspell
22 http 200 https://registry.npmjs.org/misspell
23 verbose headers { server: 'CouchDB/1.6.1 (Erlang OTP/R16B03)',
23 verbose headers   etag: '"A0F7Z5Q74KD5VDQGDYBBGOEMW"',
23 verbose headers   'content-type': 'application/json',
23 verbose headers   'content-encoding': 'gzip',
23 verbose headers   'cache-control': 'max-age=300',
23 verbose headers   'transfer-encoding': 'chunked',
23 verbose headers   'accept-ranges': 'bytes',
23 verbose headers   date: 'Wed, 27 Jul 2016 05:29:14 GMT',
23 verbose headers   via: '1.1 varnish',
23 verbose headers   connection: 'keep-alive',
23 verbose headers   'x-served-by': 'cache-dfw1828-DFW',
23 verbose headers   'x-cache': 'MISS',
23 verbose headers   'x-cache-hits': '0',
23 verbose headers   'x-timer': 'S1469597354.585059,VS0,VE156',
23 verbose headers   vary: 'Accept-Encoding' }
24 silly get cb [ 200,
24 silly get   { server: 'CouchDB/1.6.1 (Erlang OTP/R16B03)',
24 silly get     etag: '"A0F7Z5Q74KD5VDQGDYBBGOEMW"',
24 silly get     'content-type': 'application/json',
24 silly get     'content-encoding': 'gzip',
24 silly get     'cache-control': 'max-age=300',
24 silly get     'transfer-encoding': 'chunked',
24 silly get     'accept-ranges': 'bytes',
24 silly get     date: 'Wed, 27 Jul 2016 05:29:14 GMT',
24 silly get     via: '1.1 varnish',
24 silly get     connection: 'keep-alive',
24 silly get     'x-served-by': 'cache-dfw1828-DFW',
24 silly get     'x-cache': 'MISS',
24 silly get     'x-cache-hits': '0',
24 silly get     'x-timer': 'S1469597354.585059,VS0,VE156',
24 silly get     vary: 'Accept-Encoding' } ]
25 verbose get saving misspell to /Users/soodologica/.npm/registry.npmjs.org/misspell/.cache.json
26 verbose correctMkdir /Users/soodologica/.npm correctMkdir not in flight; initializing
27 verbose stack Error: version not found: misspell@0.1.0
27 verbose stack     at setData (/usr/local/lib/node_modules/npm/lib/cache/add-named.js:138:12)
27 verbose stack     at RES (/usr/local/lib/node_modules/npm/node_modules/inflight/inflight.js:23:14)
27 verbose stack     at f (/usr/local/lib/node_modules/npm/node_modules/once/once.js:17:25)
27 verbose stack     at fixName (/usr/local/lib/node_modules/npm/lib/cache/add-named.js:30:5)
27 verbose stack     at /usr/local/lib/node_modules/npm/lib/utils/pulse-till-done.js:20:8
27 verbose stack     at saved (/usr/local/lib/node_modules/npm/lib/cache/caching-client.js:174:7)
27 verbose stack     at /usr/local/lib/node_modules/npm/node_modules/graceful-fs/polyfills.js:210:7
27 verbose stack     at FSReqWrap.oncomplete (fs.js:82:15)
28 verbose statusCode 404
29 verbose cwd /Users/soodologica/Projects/misspell
30 error Darwin 15.3.0
31 error argv "/usr/local/bin/node" "/usr/local/bin/npm" "publish" "misspell@0.1.0"
32 error node v5.11.1
33 error npm  v3.10.5
34 error version not found: misspell@0.1.0
35 error If you need help, you may report this error at:
35 error     <https://github.com/npm/npm/issues>
36 verbose exit [ 1, true ]
